<?xml version="1.0" encoding="UTF-8"?>
<coverage generated="1454094944">
  <project timestamp="1454094944">
    <package name="URLShortener">
      <file name="/Users/adacosta/Documents/dev/url/src/URLShortener/Hasher.php">
        <class name="Hasher" namespace="URLShortener" fullPackage="URLShortener" package="URLShortener">
          <metrics methods="5" coveredmethods="5" conditionals="0" coveredconditionals="0" statements="11" coveredstatements="11" elements="16" coveredelements="16"/>
        </class>
        <line num="19" type="method" name="__toString" crap="1" count="1"/>
        <line num="21" type="stmt" count="1"/>
        <line num="28" type="method" name="setAlgorithm" crap="1" count="4"/>
        <line num="30" type="stmt" count="4"/>
        <line num="31" type="stmt" count="3"/>
        <line num="32" type="stmt" count="3"/>
        <line num="38" type="method" name="__construct" crap="1" count="4"/>
        <line num="40" type="stmt" count="4"/>
        <line num="41" type="stmt" count="3"/>
        <line num="48" type="method" name="ensureAlgorithmIsAvailable" crap="2" count="4"/>
        <line num="50" type="stmt" count="4"/>
        <line num="51" type="stmt" count="4"/>
        <line num="52" type="stmt" count="1"/>
        <line num="54" type="stmt" count="3"/>
        <line num="61" type="method" name="hashString" crap="1" count="2"/>
        <line num="63" type="stmt" count="2"/>
        <metrics loc="65" ncloc="38" classes="1" methods="5" coveredmethods="5" conditionals="0" coveredconditionals="0" statements="11" coveredstatements="11" elements="16" coveredelements="16"/>
      </file>
      <file name="/Users/adacosta/Documents/dev/url/src/URLShortener/URL.php">
        <class name="URL" namespace="URLShortener" fullPackage="URLShortener" package="URLShortener">
          <metrics methods="4" coveredmethods="4" conditionals="0" coveredconditionals="0" statements="9" coveredstatements="9" elements="13" coveredelements="13"/>
        </class>
        <line num="21" type="method" name="setUrl" crap="1" count="4"/>
        <line num="23" type="stmt" count="4"/>
        <line num="24" type="stmt" count="3"/>
        <line num="25" type="stmt" count="3"/>
        <line num="31" type="method" name="__construct" crap="1" count="4"/>
        <line num="33" type="stmt" count="4"/>
        <line num="34" type="stmt" count="3"/>
        <line num="36" type="method" name="__toString" crap="1" count="1"/>
        <line num="38" type="stmt" count="1"/>
        <line num="46" type="method" name="ensureIsValidURL" crap="2" count="4"/>
        <line num="48" type="stmt" count="4"/>
        <line num="49" type="stmt" count="1"/>
        <line num="51" type="stmt" count="3"/>
        <metrics loc="54" ncloc="35" classes="1" methods="4" coveredmethods="4" conditionals="0" coveredconditionals="0" statements="9" coveredstatements="9" elements="13" coveredelements="13"/>
      </file>
    </package>
    <metrics files="2" loc="119" ncloc="73" classes="2" methods="9" coveredmethods="9" conditionals="0" coveredconditionals="0" statements="20" coveredstatements="20" elements="29" coveredelements="29"/>
  </project>
</coverage>
