<?xml version="1.0" encoding="UTF-8"?>
<coverage generated="1457737506">
  <project timestamp="1457737506">
    <package name="knURLy">
      <file name="/Users/adacosta/Documents/dev/url/src/knURLy/URL.php">
        <class name="URL" namespace="knURLy">
          <metrics methods="6" coveredmethods="6" conditionals="0" coveredconditionals="0" statements="17" coveredstatements="17" elements="23" coveredelements="23"/>
        </class>
        <line num="18" type="method" name="__construct" crap="1" count="6"/>
        <line num="20" type="stmt" count="6"/>
        <line num="21" type="stmt" count="3"/>
        <line num="26" type="method" name="asString" crap="1" count="1"/>
        <line num="28" type="stmt" count="1"/>
        <line num="34" type="method" name="__toString" crap="1" count="1"/>
        <line num="36" type="stmt" count="1"/>
        <line num="44" type="method" name="ensureIsValidURL" crap="2" count="6"/>
        <line num="46" type="stmt" count="6"/>
        <line num="47" type="stmt" count="1"/>
        <line num="50" type="stmt" count="5"/>
        <line num="56" type="method" name="setUrl" crap="1" count="6"/>
        <line num="58" type="stmt" count="6"/>
        <line num="59" type="stmt" count="5"/>
        <line num="60" type="stmt" count="3"/>
        <line num="61" type="stmt" count="3"/>
        <line num="66" type="method" name="ensureSchemeIsAllowed" crap="2" count="5"/>
        <line num="69" type="stmt" count="5"/>
        <line num="71" type="stmt" count="5"/>
        <line num="73" type="stmt" count="5"/>
        <line num="75" type="stmt" count="5"/>
        <line num="76" type="stmt" count="2"/>
        <line num="78" type="stmt" count="3"/>
        <metrics loc="78" ncloc="54" classes="1" methods="6" coveredmethods="6" conditionals="0" coveredconditionals="0" statements="17" coveredstatements="17" elements="23" coveredelements="23"/>
      </file>
      <file name="/Users/adacosta/Documents/dev/url/src/knURLy/URLHasher.php">
        <class name="URLHasher" namespace="knURLy">
          <metrics methods="5" coveredmethods="5" conditionals="0" coveredconditionals="0" statements="11" coveredstatements="11" elements="16" coveredelements="16"/>
        </class>
        <line num="18" type="method" name="__construct" crap="1" count="4"/>
        <line num="20" type="stmt" count="4"/>
        <line num="21" type="stmt" count="3"/>
        <line num="26" type="method" name="__toString" crap="1" count="1"/>
        <line num="28" type="stmt" count="1"/>
        <line num="35" type="method" name="setAlgorithm" crap="1" count="4"/>
        <line num="37" type="stmt" count="4"/>
        <line num="38" type="stmt" count="3"/>
        <line num="39" type="stmt" count="3"/>
        <line num="45" type="method" name="hashUrl" crap="1" count="2"/>
        <line num="47" type="stmt" count="2"/>
        <line num="55" type="method" name="ensureAlgorithmIsAvailable" crap="2" count="4"/>
        <line num="57" type="stmt" count="4"/>
        <line num="58" type="stmt" count="4"/>
        <line num="59" type="stmt" count="1"/>
        <line num="62" type="stmt" count="3"/>
        <metrics loc="63" ncloc="40" classes="1" methods="5" coveredmethods="5" conditionals="0" coveredconditionals="0" statements="11" coveredstatements="11" elements="16" coveredelements="16"/>
      </file>
      <file name="/Users/adacosta/Documents/dev/url/src/knURLy/URLShortener.php">
        <class name="URLShortener" namespace="knURLy">
          <metrics methods="4" coveredmethods="4" conditionals="0" coveredconditionals="0" statements="7" coveredstatements="7" elements="11" coveredelements="11"/>
        </class>
        <line num="26" type="method" name="__construct" crap="1" count="3"/>
        <line num="28" type="stmt" count="3"/>
        <line num="29" type="stmt" count="3"/>
        <line num="31" type="stmt" count="3"/>
        <line num="32" type="stmt" count="3"/>
        <line num="34" type="method" name="getUrlHash" crap="1" count="1"/>
        <line num="36" type="stmt" count="1"/>
        <line num="39" type="method" name="hashEqualTo" crap="1" count="1"/>
        <line num="40" type="stmt" count="1"/>
        <line num="43" type="method" name="getUrlAsString" crap="1" count="1"/>
        <line num="45" type="stmt" count="1"/>
        <metrics loc="46" ncloc="33" classes="1" methods="4" coveredmethods="4" conditionals="0" coveredconditionals="0" statements="7" coveredstatements="7" elements="11" coveredelements="11"/>
      </file>
    </package>
    <metrics files="3" loc="187" ncloc="127" classes="3" methods="15" coveredmethods="15" conditionals="0" coveredconditionals="0" statements="35" coveredstatements="35" elements="50" coveredelements="50"/>
  </project>
</coverage>
